2021-05-21 16:54:56 [restartedMain] INFO c.s.h.HappyHouseApplication - Starting HappyHouseApplication using Java 1.8.0_271 on bungbungbalabalabungbung.local with PID 5245 (/Users/dongwoosohn/SSAFY/Pair/13pairvue/HappyHouse/bin/main started by dongwoosohn in /Users/dongwoosohn/SSAFY/Pair/13pairvue/HappyHouse) 
2021-05-21 16:54:56 [restartedMain] DEBUG c.s.h.HappyHouseApplication - Running with Spring Boot v2.4.5, Spring v5.3.6 
2021-05-21 16:54:56 [restartedMain] INFO c.s.h.HappyHouseApplication - No active profile set, falling back to default profiles: default 
2021-05-21 16:54:56 [restartedMain] INFO o.s.b.d.e.DevToolsPropertyDefaultsPostProcessor - Devtools property defaults active! Set 'spring.devtools.add-properties' to 'false' to disable 
2021-05-21 16:54:56 [restartedMain] INFO o.s.b.d.e.DevToolsPropertyDefaultsPostProcessor - For additional web related logging consider setting the 'logging.level.web' property to 'DEBUG' 
2021-05-21 16:54:57 [restartedMain] INFO o.s.b.w.e.t.TomcatWebServer - Tomcat initialized with port(s): 8080 (http) 
2021-05-21 16:54:57 [restartedMain] INFO o.a.c.h.Http11NioProtocol - Initializing ProtocolHandler ["http-nio-8080"] 
2021-05-21 16:54:57 [restartedMain] INFO o.a.c.c.StandardService - Starting service [Tomcat] 
2021-05-21 16:54:57 [restartedMain] INFO o.a.c.c.StandardEngine - Starting Servlet engine: [Apache Tomcat/9.0.45] 
2021-05-21 16:54:57 [restartedMain] INFO o.a.c.c.C.[.[.[/] - Initializing Spring embedded WebApplicationContext 
2021-05-21 16:54:57 [restartedMain] INFO o.s.b.w.s.c.ServletWebServerApplicationContext - Root WebApplicationContext: initialization completed in 1556 ms 
2021-05-21 16:54:58 [restartedMain] INFO o.s.s.c.ThreadPoolTaskExecutor - Initializing ExecutorService 'applicationTaskExecutor' 
2021-05-21 16:54:58 [restartedMain] INFO c.s.h.c.LoggerAspect - LoggerAspect : Before class com.ssafy.happyhouse.config.WebMvcConfig$$EnhancerBySpringCGLIB$$a17b4bd1.addInterceptors() 
2021-05-21 16:54:58 [restartedMain] DEBUG c.s.h.c.LoggerAspect - LoggerAspect : Before Debug class com.ssafy.happyhouse.config.WebMvcConfig$$EnhancerBySpringCGLIB$$a17b4bd1.addInterceptors() 
2021-05-21 16:54:58 [restartedMain] INFO c.s.h.c.LoggerAspect - LoggerAspect : After class com.ssafy.happyhouse.config.WebMvcConfig$$EnhancerBySpringCGLIB$$a17b4bd1.addInterceptors() 
2021-05-21 16:54:58 [restartedMain] DEBUG c.s.h.c.LoggerAspect - LoggerAspect : After Debug class com.ssafy.happyhouse.config.WebMvcConfig$$EnhancerBySpringCGLIB$$a17b4bd1.addInterceptors() 
2021-05-21 16:54:59 [restartedMain] INFO o.s.b.d.a.OptionalLiveReloadServer - LiveReload server is running on port 35729 
2021-05-21 16:54:59 [restartedMain] INFO o.a.c.h.Http11NioProtocol - Starting ProtocolHandler ["http-nio-8080"] 
2021-05-21 16:54:59 [restartedMain] INFO o.s.b.w.e.t.TomcatWebServer - Tomcat started on port(s): 8080 (http) with context path '' 
2021-05-21 16:54:59 [restartedMain] INFO c.s.h.HappyHouseApplication - Started HappyHouseApplication in 3.567 seconds (JVM running for 5.704) 
2021-05-21 16:56:34 [http-nio-8080-exec-1] INFO o.a.c.c.C.[.[.[/] - Initializing Spring DispatcherServlet 'dispatcherServlet' 
2021-05-21 16:56:34 [http-nio-8080-exec-1] INFO o.s.w.s.DispatcherServlet - Initializing Servlet 'dispatcherServlet' 
2021-05-21 16:56:34 [http-nio-8080-exec-1] INFO o.s.w.s.DispatcherServlet - Completed initialization in 2 ms 
2021-05-21 16:57:31 [http-nio-8080-exec-3] INFO c.s.h.c.LoggerAspect - LoggerAspect : Before class com.ssafy.happyhouse.controller.HouseContoller.houseList() 
2021-05-21 16:57:31 [http-nio-8080-exec-3] DEBUG c.s.h.c.LoggerAspect - LoggerAspect : Before Debug class com.ssafy.happyhouse.controller.HouseContoller.houseList() 
2021-05-21 16:57:31 [http-nio-8080-exec-3] INFO c.s.h.c.LoggerAspect - LoggerAspect : Before class com.ssafy.happyhouse.service.HouseServiceImpl.houseList() 
2021-05-21 16:57:31 [http-nio-8080-exec-3] DEBUG c.s.h.c.LoggerAspect - LoggerAspect : Before Debug class com.ssafy.happyhouse.service.HouseServiceImpl.houseList() 
2021-05-21 16:57:31 [http-nio-8080-exec-3] INFO c.s.h.c.LoggerAspect - LoggerAspect : Before class com.sun.proxy.$Proxy73.houseList() 
2021-05-21 16:57:31 [http-nio-8080-exec-3] DEBUG c.s.h.c.LoggerAspect - LoggerAspect : Before Debug class com.sun.proxy.$Proxy73.houseList() 
2021-05-21 16:57:31 [http-nio-8080-exec-3] INFO c.z.h.HikariDataSource - HikariPool-1 - Starting... 
2021-05-21 16:57:34 [http-nio-8080-exec-3] ERROR c.z.h.p.HikariPool - HikariPool-1 - Exception during pool initialization. 
java.sql.SQLException: Access denied for user 'root'@'localhost' (using password: YES)
	at com.mysql.cj.jdbc.exceptions.SQLError.createSQLException(SQLError.java:129)
	at com.mysql.cj.jdbc.exceptions.SQLExceptionsMapping.translateException(SQLExceptionsMapping.java:122)
	at com.mysql.cj.jdbc.ConnectionImpl.createNewIO(ConnectionImpl.java:833)
	at com.mysql.cj.jdbc.ConnectionImpl.<init>(ConnectionImpl.java:453)
	at com.mysql.cj.jdbc.ConnectionImpl.getInstance(ConnectionImpl.java:246)
	at com.mysql.cj.jdbc.NonRegisteringDriver.connect(NonRegisteringDriver.java:198)
	at com.zaxxer.hikari.util.DriverDataSource.getConnection(DriverDataSource.java:138)
	at com.zaxxer.hikari.pool.PoolBase.newConnection(PoolBase.java:358)
	at com.zaxxer.hikari.pool.PoolBase.newPoolEntry(PoolBase.java:206)
	at com.zaxxer.hikari.pool.HikariPool.createPoolEntry(HikariPool.java:477)
	at com.zaxxer.hikari.pool.HikariPool.checkFailFast(HikariPool.java:560)
	at com.zaxxer.hikari.pool.HikariPool.<init>(HikariPool.java:115)
	at com.zaxxer.hikari.HikariDataSource.getConnection(HikariDataSource.java:112)
	at org.springframework.jdbc.datasource.DataSourceUtils.fetchConnection(DataSourceUtils.java:158)
	at org.springframework.jdbc.datasource.DataSourceUtils.doGetConnection(DataSourceUtils.java:116)
	at org.springframework.jdbc.datasource.DataSourceUtils.getConnection(DataSourceUtils.java:79)
	at org.mybatis.spring.transaction.SpringManagedTransaction.openConnection(SpringManagedTransaction.java:80)
	at org.mybatis.spring.transaction.SpringManagedTransaction.getConnection(SpringManagedTransaction.java:67)
	at org.apache.ibatis.executor.BaseExecutor.getConnection(BaseExecutor.java:337)
	at org.apache.ibatis.executor.SimpleExecutor.prepareStatement(SimpleExecutor.java:86)
	at org.apache.ibatis.executor.SimpleExecutor.doQuery(SimpleExecutor.java:62)
	at org.apache.ibatis.executor.BaseExecutor.queryFromDatabase(BaseExecutor.java:325)
	at org.apache.ibatis.executor.BaseExecutor.query(BaseExecutor.java:156)
	at org.apache.ibatis.executor.CachingExecutor.query(CachingExecutor.java:109)
	at org.apache.ibatis.executor.CachingExecutor.query(CachingExecutor.java:89)
	at org.apache.ibatis.session.defaults.DefaultSqlSession.selectList(DefaultSqlSession.java:147)
	at org.apache.ibatis.session.defaults.DefaultSqlSession.selectList(DefaultSqlSession.java:140)
	at sun.reflect.NativeMethodAccessorImpl.invoke0(Native Method)
	at sun.reflect.NativeMethodAccessorImpl.invoke(NativeMethodAccessorImpl.java:62)
	at sun.reflect.DelegatingMethodAccessorImpl.invoke(DelegatingMethodAccessorImpl.java:43)
	at java.lang.reflect.Method.invoke(Method.java:498)
	at org.mybatis.spring.SqlSessionTemplate$SqlSessionInterceptor.invoke(SqlSessionTemplate.java:427)
	at com.sun.proxy.$Proxy72.selectList(Unknown Source)
	at org.mybatis.spring.SqlSessionTemplate.selectList(SqlSessionTemplate.java:224)
	at org.apache.ibatis.binding.MapperMethod.executeForMany(MapperMethod.java:147)
	at org.apache.ibatis.binding.MapperMethod.execute(MapperMethod.java:80)
	at org.apache.ibatis.binding.MapperProxy$PlainMethodInvoker.invoke(MapperProxy.java:152)
	at org.apache.ibatis.binding.MapperProxy.invoke(MapperProxy.java:85)
	at com.sun.proxy.$Proxy73.houseList(Unknown Source)
	at sun.reflect.NativeMethodAccessorImpl.invoke0(Native Method)
	at sun.reflect.NativeMethodAccessorImpl.invoke(NativeMethodAccessorImpl.java:62)
	at sun.reflect.DelegatingMethodAccessorImpl.invoke(DelegatingMethodAccessorImpl.java:43)
	at java.lang.reflect.Method.invoke(Method.java:498)
	at org.springframework.aop.support.AopUtils.invokeJoinpointUsingReflection(AopUtils.java:344)
	at org.springframework.aop.framework.ReflectiveMethodInvocation.invokeJoinpoint(ReflectiveMethodInvocation.java:198)
	at org.springframework.aop.framework.ReflectiveMethodInvocation.proceed(ReflectiveMethodInvocation.java:163)
	at org.springframework.aop.aspectj.AspectJAfterAdvice.invoke(AspectJAfterAdvice.java:49)
	at org.springframework.aop.framework.ReflectiveMethodInvocation.proceed(ReflectiveMethodInvocation.java:186)
	at org.springframework.aop.framework.adapter.MethodBeforeAdviceInterceptor.invoke(MethodBeforeAdviceInterceptor.java:58)
	at org.springframework.aop.framework.ReflectiveMethodInvocation.proceed(ReflectiveMethodInvocation.java:186)
	at org.springframework.aop.interceptor.ExposeInvocationInterceptor.invoke(ExposeInvocationInterceptor.java:97)
	at org.springframework.aop.framework.ReflectiveMethodInvocation.proceed(ReflectiveMethodInvocation.java:186)
	at org.springframework.aop.framework.JdkDynamicAopProxy.invoke(JdkDynamicAopProxy.java:215)
	at com.sun.proxy.$Proxy74.houseList(Unknown Source)
	at com.ssafy.happyhouse.service.HouseServiceImpl.houseList(HouseServiceImpl.java:19)
	at com.ssafy.happyhouse.service.HouseServiceImpl$$FastClassBySpringCGLIB$$25731cd5.invoke(<generated>)
	at org.springframework.cglib.proxy.MethodProxy.invoke(MethodProxy.java:218)
	at org.springframework.aop.framework.CglibAopProxy$CglibMethodInvocation.invokeJoinpoint(CglibAopProxy.java:779)
	at org.springframework.aop.framework.ReflectiveMethodInvocation.proceed(ReflectiveMethodInvocation.java:163)
	at org.springframework.aop.framework.CglibAopProxy$CglibMethodInvocation.proceed(CglibAopProxy.java:750)
	at org.springframework.aop.aspectj.AspectJAfterAdvice.invoke(AspectJAfterAdvice.java:49)
	at org.springframework.aop.framework.ReflectiveMethodInvocation.proceed(ReflectiveMethodInvocation.java:186)
	at org.springframework.aop.framework.CglibAopProxy$CglibMethodInvocation.proceed(CglibAopProxy.java:750)
	at org.springframework.aop.framework.adapter.MethodBeforeAdviceInterceptor.invoke(MethodBeforeAdviceInterceptor.java:58)
	at org.springframework.aop.framework.ReflectiveMethodInvocation.proceed(ReflectiveMethodInvocation.java:186)
	at org.springframework.aop.framework.CglibAopProxy$CglibMethodInvocation.proceed(CglibAopProxy.java:750)
	at org.springframework.aop.interceptor.ExposeInvocationInterceptor.invoke(ExposeInvocationInterceptor.java:97)
	at org.springframework.aop.framework.ReflectiveMethodInvocation.proceed(ReflectiveMethodInvocation.java:186)
	at org.springframework.aop.framework.CglibAopProxy$CglibMethodInvocation.proceed(CglibAopProxy.java:750)
	at org.springframework.aop.framework.CglibAopProxy$DynamicAdvisedInterceptor.intercept(CglibAopProxy.java:692)
	at com.ssafy.happyhouse.service.HouseServiceImpl$$EnhancerBySpringCGLIB$$cb97b268.houseList(<generated>)
	at com.ssafy.happyhouse.controller.HouseContoller.houseList(HouseContoller.java:37)
	at com.ssafy.happyhouse.controller.HouseContoller$$FastClassBySpringCGLIB$$b6ac5615.invoke(<generated>)
	at org.springframework.cglib.proxy.MethodProxy.invoke(MethodProxy.java:218)
	at org.springframework.aop.framework.CglibAopProxy$CglibMethodInvocation.invokeJoinpoint(CglibAopProxy.java:779)
	at org.springframework.aop.framework.ReflectiveMethodInvocation.proceed(ReflectiveMethodInvocation.java:163)
	at org.springframework.aop.framework.CglibAopProxy$CglibMethodInvocation.proceed(CglibAopProxy.java:750)
	at org.springframework.aop.aspectj.AspectJAfterAdvice.invoke(AspectJAfterAdvice.java:49)
	at org.springframework.aop.framework.ReflectiveMethodInvocation.proceed(ReflectiveMethodInvocation.java:186)
	at org.springframework.aop.framework.CglibAopProxy$CglibMethodInvocation.proceed(CglibAopProxy.java:750)
	at org.springframework.aop.framework.adapter.MethodBeforeAdviceInterceptor.invoke(MethodBeforeAdviceInterceptor.java:58)
	at org.springframework.aop.framework.ReflectiveMethodInvocation.proceed(ReflectiveMethodInvocation.java:186)
	at org.springframework.aop.framework.CglibAopProxy$CglibMethodInvocation.proceed(CglibAopProxy.java:750)
	at org.springframework.aop.interceptor.ExposeInvocationInterceptor.invoke(ExposeInvocationInterceptor.java:97)
	at org.springframework.aop.framework.ReflectiveMethodInvocation.proceed(ReflectiveMethodInvocation.java:186)
	at org.springframework.aop.framework.CglibAopProxy$CglibMethodInvocation.proceed(CglibAopProxy.java:750)
	at org.springframework.aop.framework.CglibAopProxy$DynamicAdvisedInterceptor.intercept(CglibAopProxy.java:692)
	at com.ssafy.happyhouse.controller.HouseContoller$$EnhancerBySpringCGLIB$$13312628.houseList(<generated>)
	at sun.reflect.NativeMethodAccessorImpl.invoke0(Native Method)
	at sun.reflect.NativeMethodAccessorImpl.invoke(NativeMethodAccessorImpl.java:62)
	at sun.reflect.DelegatingMethodAccessorImpl.invoke(DelegatingMethodAccessorImpl.java:43)
	at java.lang.reflect.Method.invoke(Method.java:498)
	at org.springframework.web.method.support.InvocableHandlerMethod.doInvoke(InvocableHandlerMethod.java:197)
	at org.springframework.web.method.support.InvocableHandlerMethod.invokeForRequest(InvocableHandlerMethod.java:141)
	at org.springframework.web.servlet.mvc.method.annotation.ServletInvocableHandlerMethod.invokeAndHandle(ServletInvocableHandlerMethod.java:106)
	at org.springframework.web.servlet.mvc.method.annotation.RequestMappingHandlerAdapter.invokeHandlerMethod(RequestMappingHandlerAdapter.java:894)
	at org.springframework.web.servlet.mvc.method.annotation.RequestMappingHandlerAdapter.handleInternal(RequestMappingHandlerAdapter.java:808)
	at org.springframework.web.servlet.mvc.method.AbstractHandlerMethodAdapter.handle(AbstractHandlerMethodAdapter.java:87)
	at org.springframework.web.servlet.DispatcherServlet.doDispatch(DispatcherServlet.java:1060)
	at org.springframework.web.servlet.DispatcherServlet.doService(DispatcherServlet.java:962)
	at org.springframework.web.servlet.FrameworkServlet.processRequest(FrameworkServlet.java:1006)
	at org.springframework.web.servlet.FrameworkServlet.doGet(FrameworkServlet.java:898)
	at javax.servlet.http.HttpServlet.service(HttpServlet.java:626)
	at org.springframework.web.servlet.FrameworkServlet.service(FrameworkServlet.java:883)
	at javax.servlet.http.HttpServlet.service(HttpServlet.java:733)
	at org.apache.catalina.core.ApplicationFilterChain.internalDoFilter(ApplicationFilterChain.java:227)
	at org.apache.catalina.core.ApplicationFilterChain.doFilter(ApplicationFilterChain.java:162)
	at org.apache.tomcat.websocket.server.WsFilter.doFilter(WsFilter.java:53)
	at org.apache.catalina.core.ApplicationFilterChain.internalDoFilter(ApplicationFilterChain.java:189)
	at org.apache.catalina.core.ApplicationFilterChain.doFilter(ApplicationFilterChain.java:162)
	at org.springframework.web.filter.RequestContextFilter.doFilterInternal(RequestContextFilter.java:100)
	at org.springframework.web.filter.OncePerRequestFilter.doFilter(OncePerRequestFilter.java:119)
	at org.apache.catalina.core.ApplicationFilterChain.internalDoFilter(ApplicationFilterChain.java:189)
	at org.apache.catalina.core.ApplicationFilterChain.doFilter(ApplicationFilterChain.java:162)
	at org.springframework.web.filter.FormContentFilter.doFilterInternal(FormContentFilter.java:93)
	at org.springframework.web.filter.OncePerRequestFilter.doFilter(OncePerRequestFilter.java:119)
	at org.apache.catalina.core.ApplicationFilterChain.internalDoFilter(ApplicationFilterChain.java:189)
	at org.apache.catalina.core.ApplicationFilterChain.doFilter(ApplicationFilterChain.java:162)
	at org.springframework.web.filter.CharacterEncodingFilter.doFilterInternal(CharacterEncodingFilter.java:201)
	at org.springframework.web.filter.OncePerRequestFilter.doFilter(OncePerRequestFilter.java:119)
	at org.apache.catalina.core.ApplicationFilterChain.internalDoFilter(ApplicationFilterChain.java:189)
	at org.apache.catalina.core.ApplicationFilterChain.doFilter(ApplicationFilterChain.java:162)
	at org.apache.catalina.core.StandardWrapperValve.invoke(StandardWrapperValve.java:202)
	at org.apache.catalina.core.StandardContextValve.invoke(StandardContextValve.java:97)
	at org.apache.catalina.authenticator.AuthenticatorBase.invoke(AuthenticatorBase.java:542)
	at org.apache.catalina.core.StandardHostValve.invoke(StandardHostValve.java:143)
	at org.apache.catalina.valves.ErrorReportValve.invoke(ErrorReportValve.java:92)
	at org.apache.catalina.core.StandardEngineValve.invoke(StandardEngineValve.java:78)
	at org.apache.catalina.connector.CoyoteAdapter.service(CoyoteAdapter.java:357)
	at org.apache.coyote.http11.Http11Processor.service(Http11Processor.java:374)
	at org.apache.coyote.AbstractProcessorLight.process(AbstractProcessorLight.java:65)
	at org.apache.coyote.AbstractProtocol$ConnectionHandler.process(AbstractProtocol.java:893)
	at org.apache.tomcat.util.net.NioEndpoint$SocketProcessor.doRun(NioEndpoint.java:1707)
	at org.apache.tomcat.util.net.SocketProcessorBase.run(SocketProcessorBase.java:49)
	at java.util.concurrent.ThreadPoolExecutor.runWorker(ThreadPoolExecutor.java:1149)
	at java.util.concurrent.ThreadPoolExecutor$Worker.run(ThreadPoolExecutor.java:624)
	at org.apache.tomcat.util.threads.TaskThread$WrappingRunnable.run(TaskThread.java:61)
	at java.lang.Thread.run(Thread.java:748)
2021-05-21 16:57:34 [http-nio-8080-exec-4] INFO c.s.h.c.LoggerAspect - LoggerAspect : Before class com.ssafy.happyhouse.controller.HouseContoller.houseList() 
2021-05-21 16:57:34 [http-nio-8080-exec-4] DEBUG c.s.h.c.LoggerAspect - LoggerAspect : Before Debug class com.ssafy.happyhouse.controller.HouseContoller.houseList() 
2021-05-21 16:57:34 [http-nio-8080-exec-4] INFO c.s.h.c.LoggerAspect - LoggerAspect : Before class com.ssafy.happyhouse.service.HouseServiceImpl.houseList() 
2021-05-21 16:57:34 [http-nio-8080-exec-4] DEBUG c.s.h.c.LoggerAspect - LoggerAspect : Before Debug class com.ssafy.happyhouse.service.HouseServiceImpl.houseList() 
2021-05-21 16:57:34 [http-nio-8080-exec-4] INFO c.s.h.c.LoggerAspect - LoggerAspect : Before class com.sun.proxy.$Proxy73.houseList() 
2021-05-21 16:57:34 [http-nio-8080-exec-4] DEBUG c.s.h.c.LoggerAspect - LoggerAspect : Before Debug class com.sun.proxy.$Proxy73.houseList() 
2021-05-21 16:57:34 [http-nio-8080-exec-4] INFO c.z.h.HikariDataSource - HikariPool-1 - Starting... 
2021-05-21 16:57:34 [http-nio-8080-exec-3] INFO c.s.h.c.LoggerAspect - LoggerAspect : After class com.sun.proxy.$Proxy73.houseList() 
2021-05-21 16:57:34 [http-nio-8080-exec-3] DEBUG c.s.h.c.LoggerAspect - LoggerAspect : After Debug class com.sun.proxy.$Proxy73.houseList() 
2021-05-21 16:57:34 [http-nio-8080-exec-3] INFO c.s.h.c.LoggerAspect - LoggerAspect : After class com.ssafy.happyhouse.service.HouseServiceImpl.houseList() 
2021-05-21 16:57:34 [http-nio-8080-exec-3] DEBUG c.s.h.c.LoggerAspect - LoggerAspect : After Debug class com.ssafy.happyhouse.service.HouseServiceImpl.houseList() 
2021-05-21 16:57:34 [http-nio-8080-exec-3] INFO c.s.h.c.LoggerAspect - LoggerAspect : After class com.ssafy.happyhouse.controller.HouseContoller.houseList() 
2021-05-21 16:57:34 [http-nio-8080-exec-3] DEBUG c.s.h.c.LoggerAspect - LoggerAspect : After Debug class com.ssafy.happyhouse.controller.HouseContoller.houseList() 
2021-05-21 16:57:34 [http-nio-8080-exec-3] INFO c.s.h.c.LoggerAspect - LoggerAspect : Before class com.ssafy.happyhouse.config.GlobalExceptionHandler.handleErrorResponseEntity() 
2021-05-21 16:57:34 [http-nio-8080-exec-3] DEBUG c.s.h.c.LoggerAspect - LoggerAspect : Before Debug class com.ssafy.happyhouse.config.GlobalExceptionHandler.handleErrorResponseEntity() 
2021-05-21 16:57:34 [http-nio-8080-exec-3] INFO c.s.h.c.LoggerAspect - LoggerAspect : After class com.ssafy.happyhouse.config.GlobalExceptionHandler.handleErrorResponseEntity() 
2021-05-21 16:57:34 [http-nio-8080-exec-3] DEBUG c.s.h.c.LoggerAspect - LoggerAspect : After Debug class com.ssafy.happyhouse.config.GlobalExceptionHandler.handleErrorResponseEntity() 
2021-05-21 16:57:34 [http-nio-8080-exec-3] WARN o.s.w.s.m.m.a.ExceptionHandlerExceptionResolver - Resolved [org.mybatis.spring.MyBatisSystemException: nested exception is org.apache.ibatis.exceptions.PersistenceException: 
### Error querying database.  Cause: org.springframework.jdbc.CannotGetJdbcConnectionException: Failed to obtain JDBC Connection; nested exception is java.sql.SQLException: Access denied for user 'root'@'localhost' (using password: YES)
### The error may exist in mapper/house_query.xml
### The error may involve com.ssafy.happyhouse.dao.HouseDao.houseList
### The error occurred while executing a query
### Cause: org.springframework.jdbc.CannotGetJdbcConnectionException: Failed to obtain JDBC Connection; nested exception is java.sql.SQLException: Access denied for user 'root'@'localhost' (using password: YES)] 
2021-05-21 16:57:35 [http-nio-8080-exec-4] ERROR c.z.h.p.HikariPool - HikariPool-1 - Exception during pool initialization. 
java.sql.SQLException: Access denied for user 'root'@'localhost' (using password: YES)
	at com.mysql.cj.jdbc.exceptions.SQLError.createSQLException(SQLError.java:129)
	at com.mysql.cj.jdbc.exceptions.SQLExceptionsMapping.translateException(SQLExceptionsMapping.java:122)
	at com.mysql.cj.jdbc.ConnectionImpl.createNewIO(ConnectionImpl.java:833)
	at com.mysql.cj.jdbc.ConnectionImpl.<init>(ConnectionImpl.java:453)
	at com.mysql.cj.jdbc.ConnectionImpl.getInstance(ConnectionImpl.java:246)
	at com.mysql.cj.jdbc.NonRegisteringDriver.connect(NonRegisteringDriver.java:198)
	at com.zaxxer.hikari.util.DriverDataSource.getConnection(DriverDataSource.java:138)
	at com.zaxxer.hikari.pool.PoolBase.newConnection(PoolBase.java:358)
	at com.zaxxer.hikari.pool.PoolBase.newPoolEntry(PoolBase.java:206)
	at com.zaxxer.hikari.pool.HikariPool.createPoolEntry(HikariPool.java:477)
	at com.zaxxer.hikari.pool.HikariPool.checkFailFast(HikariPool.java:560)
	at com.zaxxer.hikari.pool.HikariPool.<init>(HikariPool.java:115)
	at com.zaxxer.hikari.HikariDataSource.getConnection(HikariDataSource.java:112)
	at org.springframework.jdbc.datasource.DataSourceUtils.fetchConnection(DataSourceUtils.java:158)
	at org.springframework.jdbc.datasource.DataSourceUtils.doGetConnection(DataSourceUtils.java:116)
	at org.springframework.jdbc.datasource.DataSourceUtils.getConnection(DataSourceUtils.java:79)
	at org.mybatis.spring.transaction.SpringManagedTransaction.openConnection(SpringManagedTransaction.java:80)
	at org.mybatis.spring.transaction.SpringManagedTransaction.getConnection(SpringManagedTransaction.java:67)
	at org.apache.ibatis.executor.BaseExecutor.getConnection(BaseExecutor.java:337)
	at org.apache.ibatis.executor.SimpleExecutor.prepareStatement(SimpleExecutor.java:86)
	at org.apache.ibatis.executor.SimpleExecutor.doQuery(SimpleExecutor.java:62)
	at org.apache.ibatis.executor.BaseExecutor.queryFromDatabase(BaseExecutor.java:325)
	at org.apache.ibatis.executor.BaseExecutor.query(BaseExecutor.java:156)
	at org.apache.ibatis.executor.CachingExecutor.query(CachingExecutor.java:109)
	at org.apache.ibatis.executor.CachingExecutor.query(CachingExecutor.java:89)
	at org.apache.ibatis.session.defaults.DefaultSqlSession.selectList(DefaultSqlSession.java:147)
	at org.apache.ibatis.session.defaults.DefaultSqlSession.selectList(DefaultSqlSession.java:140)
	at sun.reflect.NativeMethodAccessorImpl.invoke0(Native Method)
	at sun.reflect.NativeMethodAccessorImpl.invoke(NativeMethodAccessorImpl.java:62)
	at sun.reflect.DelegatingMethodAccessorImpl.invoke(DelegatingMethodAccessorImpl.java:43)
	at java.lang.reflect.Method.invoke(Method.java:498)
	at org.mybatis.spring.SqlSessionTemplate$SqlSessionInterceptor.invoke(SqlSessionTemplate.java:427)
	at com.sun.proxy.$Proxy72.selectList(Unknown Source)
	at org.mybatis.spring.SqlSessionTemplate.selectList(SqlSessionTemplate.java:224)
	at org.apache.ibatis.binding.MapperMethod.executeForMany(MapperMethod.java:147)
	at org.apache.ibatis.binding.MapperMethod.execute(MapperMethod.java:80)
	at org.apache.ibatis.binding.MapperProxy$PlainMethodInvoker.invoke(MapperProxy.java:152)
	at org.apache.ibatis.binding.MapperProxy.invoke(MapperProxy.java:85)
	at com.sun.proxy.$Proxy73.houseList(Unknown Source)
	at sun.reflect.NativeMethodAccessorImpl.invoke0(Native Method)
	at sun.reflect.NativeMethodAccessorImpl.invoke(NativeMethodAccessorImpl.java:62)
	at sun.reflect.DelegatingMethodAccessorImpl.invoke(DelegatingMethodAccessorImpl.java:43)
	at java.lang.reflect.Method.invoke(Method.java:498)
	at org.springframework.aop.support.AopUtils.invokeJoinpointUsingReflection(AopUtils.java:344)
	at org.springframework.aop.framework.ReflectiveMethodInvocation.invokeJoinpoint(ReflectiveMethodInvocation.java:198)
	at org.springframework.aop.framework.ReflectiveMethodInvocation.proceed(ReflectiveMethodInvocation.java:163)
	at org.springframework.aop.aspectj.AspectJAfterAdvice.invoke(AspectJAfterAdvice.java:49)
	at org.springframework.aop.framework.ReflectiveMethodInvocation.proceed(ReflectiveMethodInvocation.java:186)
	at org.springframework.aop.framework.adapter.MethodBeforeAdviceInterceptor.invoke(MethodBeforeAdviceInterceptor.java:58)
	at org.springframework.aop.framework.ReflectiveMethodInvocation.proceed(ReflectiveMethodInvocation.java:186)
	at org.springframework.aop.interceptor.ExposeInvocationInterceptor.invoke(ExposeInvocationInterceptor.java:97)
	at org.springframework.aop.framework.ReflectiveMethodInvocation.proceed(ReflectiveMethodInvocation.java:186)
	at org.springframework.aop.framework.JdkDynamicAopProxy.invoke(JdkDynamicAopProxy.java:215)
	at com.sun.proxy.$Proxy74.houseList(Unknown Source)
	at com.ssafy.happyhouse.service.HouseServiceImpl.houseList(HouseServiceImpl.java:19)
	at com.ssafy.happyhouse.service.HouseServiceImpl$$FastClassBySpringCGLIB$$25731cd5.invoke(<generated>)
	at org.springframework.cglib.proxy.MethodProxy.invoke(MethodProxy.java:218)
	at org.springframework.aop.framework.CglibAopProxy$CglibMethodInvocation.invokeJoinpoint(CglibAopProxy.java:779)
	at org.springframework.aop.framework.ReflectiveMethodInvocation.proceed(ReflectiveMethodInvocation.java:163)
	at org.springframework.aop.framework.CglibAopProxy$CglibMethodInvocation.proceed(CglibAopProxy.java:750)
	at org.springframework.aop.aspectj.AspectJAfterAdvice.invoke(AspectJAfterAdvice.java:49)
	at org.springframework.aop.framework.ReflectiveMethodInvocation.proceed(ReflectiveMethodInvocation.java:186)
	at org.springframework.aop.framework.CglibAopProxy$CglibMethodInvocation.proceed(CglibAopProxy.java:750)
	at org.springframework.aop.framework.adapter.MethodBeforeAdviceInterceptor.invoke(MethodBeforeAdviceInterceptor.java:58)
	at org.springframework.aop.framework.ReflectiveMethodInvocation.proceed(ReflectiveMethodInvocation.java:186)
	at org.springframework.aop.framework.CglibAopProxy$CglibMethodInvocation.proceed(CglibAopProxy.java:750)
	at org.springframework.aop.interceptor.ExposeInvocationInterceptor.invoke(ExposeInvocationInterceptor.java:97)
	at org.springframework.aop.framework.ReflectiveMethodInvocation.proceed(ReflectiveMethodInvocation.java:186)
	at org.springframework.aop.framework.CglibAopProxy$CglibMethodInvocation.proceed(CglibAopProxy.java:750)
	at org.springframework.aop.framework.CglibAopProxy$DynamicAdvisedInterceptor.intercept(CglibAopProxy.java:692)
	at com.ssafy.happyhouse.service.HouseServiceImpl$$EnhancerBySpringCGLIB$$cb97b268.houseList(<generated>)
	at com.ssafy.happyhouse.controller.HouseContoller.houseList(HouseContoller.java:37)
	at com.ssafy.happyhouse.controller.HouseContoller$$FastClassBySpringCGLIB$$b6ac5615.invoke(<generated>)
	at org.springframework.cglib.proxy.MethodProxy.invoke(MethodProxy.java:218)
	at org.springframework.aop.framework.CglibAopProxy$CglibMethodInvocation.invokeJoinpoint(CglibAopProxy.java:779)
	at org.springframework.aop.framework.ReflectiveMethodInvocation.proceed(ReflectiveMethodInvocation.java:163)
	at org.springframework.aop.framework.CglibAopProxy$CglibMethodInvocation.proceed(CglibAopProxy.java:750)
	at org.springframework.aop.aspectj.AspectJAfterAdvice.invoke(AspectJAfterAdvice.java:49)
	at org.springframework.aop.framework.ReflectiveMethodInvocation.proceed(ReflectiveMethodInvocation.java:186)
	at org.springframework.aop.framework.CglibAopProxy$CglibMethodInvocation.proceed(CglibAopProxy.java:750)
	at org.springframework.aop.framework.adapter.MethodBeforeAdviceInterceptor.invoke(MethodBeforeAdviceInterceptor.java:58)
	at org.springframework.aop.framework.ReflectiveMethodInvocation.proceed(ReflectiveMethodInvocation.java:186)
	at org.springframework.aop.framework.CglibAopProxy$CglibMethodInvocation.proceed(CglibAopProxy.java:750)
	at org.springframework.aop.interceptor.ExposeInvocationInterceptor.invoke(ExposeInvocationInterceptor.java:97)
	at org.springframework.aop.framework.ReflectiveMethodInvocation.proceed(ReflectiveMethodInvocation.java:186)
	at org.springframework.aop.framework.CglibAopProxy$CglibMethodInvocation.proceed(CglibAopProxy.java:750)
	at org.springframework.aop.framework.CglibAopProxy$DynamicAdvisedInterceptor.intercept(CglibAopProxy.java:692)
	at com.ssafy.happyhouse.controller.HouseContoller$$EnhancerBySpringCGLIB$$13312628.houseList(<generated>)
	at sun.reflect.NativeMethodAccessorImpl.invoke0(Native Method)
	at sun.reflect.NativeMethodAccessorImpl.invoke(NativeMethodAccessorImpl.java:62)
	at sun.reflect.DelegatingMethodAccessorImpl.invoke(DelegatingMethodAccessorImpl.java:43)
	at java.lang.reflect.Method.invoke(Method.java:498)
	at org.springframework.web.method.support.InvocableHandlerMethod.doInvoke(InvocableHandlerMethod.java:197)
	at org.springframework.web.method.support.InvocableHandlerMethod.invokeForRequest(InvocableHandlerMethod.java:141)
	at org.springframework.web.servlet.mvc.method.annotation.ServletInvocableHandlerMethod.invokeAndHandle(ServletInvocableHandlerMethod.java:106)
	at org.springframework.web.servlet.mvc.method.annotation.RequestMappingHandlerAdapter.invokeHandlerMethod(RequestMappingHandlerAdapter.java:894)
	at org.springframework.web.servlet.mvc.method.annotation.RequestMappingHandlerAdapter.handleInternal(RequestMappingHandlerAdapter.java:808)
	at org.springframework.web.servlet.mvc.method.AbstractHandlerMethodAdapter.handle(AbstractHandlerMethodAdapter.java:87)
	at org.springframework.web.servlet.DispatcherServlet.doDispatch(DispatcherServlet.java:1060)
	at org.springframework.web.servlet.DispatcherServlet.doService(DispatcherServlet.java:962)
	at org.springframework.web.servlet.FrameworkServlet.processRequest(FrameworkServlet.java:1006)
	at org.springframework.web.servlet.FrameworkServlet.doGet(FrameworkServlet.java:898)
	at javax.servlet.http.HttpServlet.service(HttpServlet.java:626)
	at org.springframework.web.servlet.FrameworkServlet.service(FrameworkServlet.java:883)
	at javax.servlet.http.HttpServlet.service(HttpServlet.java:733)
	at org.apache.catalina.core.ApplicationFilterChain.internalDoFilter(ApplicationFilterChain.java:227)
	at org.apache.catalina.core.ApplicationFilterChain.doFilter(ApplicationFilterChain.java:162)
	at org.apache.tomcat.websocket.server.WsFilter.doFilter(WsFilter.java:53)
	at org.apache.catalina.core.ApplicationFilterChain.internalDoFilter(ApplicationFilterChain.java:189)
	at org.apache.catalina.core.ApplicationFilterChain.doFilter(ApplicationFilterChain.java:162)
	at org.springframework.web.filter.RequestContextFilter.doFilterInternal(RequestContextFilter.java:100)
	at org.springframework.web.filter.OncePerRequestFilter.doFilter(OncePerRequestFilter.java:119)
	at org.apache.catalina.core.ApplicationFilterChain.internalDoFilter(ApplicationFilterChain.java:189)
	at org.apache.catalina.core.ApplicationFilterChain.doFilter(ApplicationFilterChain.java:162)
	at org.springframework.web.filter.FormContentFilter.doFilterInternal(FormContentFilter.java:93)
	at org.springframework.web.filter.OncePerRequestFilter.doFilter(OncePerRequestFilter.java:119)
	at org.apache.catalina.core.ApplicationFilterChain.internalDoFilter(ApplicationFilterChain.java:189)
	at org.apache.catalina.core.ApplicationFilterChain.doFilter(ApplicationFilterChain.java:162)
	at org.springframework.web.filter.CharacterEncodingFilter.doFilterInternal(CharacterEncodingFilter.java:201)
	at org.springframework.web.filter.OncePerRequestFilter.doFilter(OncePerRequestFilter.java:119)
	at org.apache.catalina.core.ApplicationFilterChain.internalDoFilter(ApplicationFilterChain.java:189)
	at org.apache.catalina.core.ApplicationFilterChain.doFilter(ApplicationFilterChain.java:162)
	at org.apache.catalina.core.StandardWrapperValve.invoke(StandardWrapperValve.java:202)
	at org.apache.catalina.core.StandardContextValve.invoke(StandardContextValve.java:97)
	at org.apache.catalina.authenticator.AuthenticatorBase.invoke(AuthenticatorBase.java:542)
	at org.apache.catalina.core.StandardHostValve.invoke(StandardHostValve.java:143)
	at org.apache.catalina.valves.ErrorReportValve.invoke(ErrorReportValve.java:92)
	at org.apache.catalina.core.StandardEngineValve.invoke(StandardEngineValve.java:78)
	at org.apache.catalina.connector.CoyoteAdapter.service(CoyoteAdapter.java:357)
	at org.apache.coyote.http11.Http11Processor.service(Http11Processor.java:374)
	at org.apache.coyote.AbstractProcessorLight.process(AbstractProcessorLight.java:65)
	at org.apache.coyote.AbstractProtocol$ConnectionHandler.process(AbstractProtocol.java:893)
	at org.apache.tomcat.util.net.NioEndpoint$SocketProcessor.doRun(NioEndpoint.java:1707)
	at org.apache.tomcat.util.net.SocketProcessorBase.run(SocketProcessorBase.java:49)
	at java.util.concurrent.ThreadPoolExecutor.runWorker(ThreadPoolExecutor.java:1149)
	at java.util.concurrent.ThreadPoolExecutor$Worker.run(ThreadPoolExecutor.java:624)
	at org.apache.tomcat.util.threads.TaskThread$WrappingRunnable.run(TaskThread.java:61)
	at java.lang.Thread.run(Thread.java:748)
2021-05-21 16:57:35 [http-nio-8080-exec-4] INFO c.s.h.c.LoggerAspect - LoggerAspect : After class com.sun.proxy.$Proxy73.houseList() 
2021-05-21 16:57:35 [http-nio-8080-exec-4] DEBUG c.s.h.c.LoggerAspect - LoggerAspect : After Debug class com.sun.proxy.$Proxy73.houseList() 
2021-05-21 16:57:35 [http-nio-8080-exec-4] INFO c.s.h.c.LoggerAspect - LoggerAspect : After class com.ssafy.happyhouse.service.HouseServiceImpl.houseList() 
2021-05-21 16:57:35 [http-nio-8080-exec-4] DEBUG c.s.h.c.LoggerAspect - LoggerAspect : After Debug class com.ssafy.happyhouse.service.HouseServiceImpl.houseList() 
2021-05-21 16:57:35 [http-nio-8080-exec-4] INFO c.s.h.c.LoggerAspect - LoggerAspect : After class com.ssafy.happyhouse.controller.HouseContoller.houseList() 
2021-05-21 16:57:35 [http-nio-8080-exec-4] DEBUG c.s.h.c.LoggerAspect - LoggerAspect : After Debug class com.ssafy.happyhouse.controller.HouseContoller.houseList() 
2021-05-21 16:57:35 [http-nio-8080-exec-4] INFO c.s.h.c.LoggerAspect - LoggerAspect : Before class com.ssafy.happyhouse.config.GlobalExceptionHandler.handleErrorResponseEntity() 
2021-05-21 16:57:35 [http-nio-8080-exec-4] DEBUG c.s.h.c.LoggerAspect - LoggerAspect : Before Debug class com.ssafy.happyhouse.config.GlobalExceptionHandler.handleErrorResponseEntity() 
2021-05-21 16:57:35 [http-nio-8080-exec-4] INFO c.s.h.c.LoggerAspect - LoggerAspect : After class com.ssafy.happyhouse.config.GlobalExceptionHandler.handleErrorResponseEntity() 
2021-05-21 16:57:35 [http-nio-8080-exec-4] DEBUG c.s.h.c.LoggerAspect - LoggerAspect : After Debug class com.ssafy.happyhouse.config.GlobalExceptionHandler.handleErrorResponseEntity() 
2021-05-21 16:57:35 [http-nio-8080-exec-4] WARN o.s.w.s.m.m.a.ExceptionHandlerExceptionResolver - Resolved [org.mybatis.spring.MyBatisSystemException: nested exception is org.apache.ibatis.exceptions.PersistenceException: 
### Error querying database.  Cause: org.springframework.jdbc.CannotGetJdbcConnectionException: Failed to obtain JDBC Connection; nested exception is java.sql.SQLException: Access denied for user 'root'@'localhost' (using password: YES)
### The error may exist in mapper/house_query.xml
### The error may involve com.ssafy.happyhouse.dao.HouseDao.houseList
### The error occurred while executing a query
### Cause: org.springframework.jdbc.CannotGetJdbcConnectionException: Failed to obtain JDBC Connection; nested exception is java.sql.SQLException: Access denied for user 'root'@'localhost' (using password: YES)] 
2021-05-21 16:58:28 [Thread-7] INFO o.s.s.c.ThreadPoolTaskExecutor - Shutting down ExecutorService 'applicationTaskExecutor' 
2021-05-21 16:58:29 [restartedMain] INFO c.s.h.HappyHouseApplication - Starting HappyHouseApplication using Java 1.8.0_271 on bungbungbalabalabungbung.local with PID 5245 (/Users/dongwoosohn/SSAFY/Pair/13pairvue/HappyHouse/bin/main started by dongwoosohn in /Users/dongwoosohn/SSAFY/Pair/13pairvue/HappyHouse) 
2021-05-21 16:58:29 [restartedMain] DEBUG c.s.h.HappyHouseApplication - Running with Spring Boot v2.4.5, Spring v5.3.6 
2021-05-21 16:58:29 [restartedMain] INFO c.s.h.HappyHouseApplication - No active profile set, falling back to default profiles: default 
2021-05-21 16:58:29 [restartedMain] INFO o.s.b.w.e.t.TomcatWebServer - Tomcat initialized with port(s): 8080 (http) 
2021-05-21 16:58:29 [restartedMain] INFO o.a.c.h.Http11NioProtocol - Initializing ProtocolHandler ["http-nio-8080"] 
2021-05-21 16:58:29 [restartedMain] INFO o.a.c.c.StandardService - Starting service [Tomcat] 
2021-05-21 16:58:29 [restartedMain] INFO o.a.c.c.StandardEngine - Starting Servlet engine: [Apache Tomcat/9.0.45] 
2021-05-21 16:58:29 [restartedMain] INFO o.a.c.c.C.[.[.[/] - Initializing Spring embedded WebApplicationContext 
2021-05-21 16:58:29 [restartedMain] INFO o.s.b.w.s.c.ServletWebServerApplicationContext - Root WebApplicationContext: initialization completed in 558 ms 
2021-05-21 16:58:29 [restartedMain] INFO o.s.s.c.ThreadPoolTaskExecutor - Initializing ExecutorService 'applicationTaskExecutor' 
2021-05-21 16:58:30 [restartedMain] INFO c.s.h.c.LoggerAspect - LoggerAspect : Before class com.ssafy.happyhouse.config.WebMvcConfig$$EnhancerBySpringCGLIB$$a17b4bd1.addInterceptors() 
2021-05-21 16:58:30 [restartedMain] DEBUG c.s.h.c.LoggerAspect - LoggerAspect : Before Debug class com.ssafy.happyhouse.config.WebMvcConfig$$EnhancerBySpringCGLIB$$a17b4bd1.addInterceptors() 
2021-05-21 16:58:30 [restartedMain] INFO c.s.h.c.LoggerAspect - LoggerAspect : After class com.ssafy.happyhouse.config.WebMvcConfig$$EnhancerBySpringCGLIB$$a17b4bd1.addInterceptors() 
2021-05-21 16:58:30 [restartedMain] DEBUG c.s.h.c.LoggerAspect - LoggerAspect : After Debug class com.ssafy.happyhouse.config.WebMvcConfig$$EnhancerBySpringCGLIB$$a17b4bd1.addInterceptors() 
2021-05-21 16:58:30 [restartedMain] INFO o.s.b.d.a.OptionalLiveReloadServer - LiveReload server is running on port 35729 
2021-05-21 16:58:30 [restartedMain] INFO o.a.c.h.Http11NioProtocol - Starting ProtocolHandler ["http-nio-8080"] 
2021-05-21 16:58:30 [restartedMain] INFO o.s.b.w.e.t.TomcatWebServer - Tomcat started on port(s): 8080 (http) with context path '' 
2021-05-21 16:58:30 [restartedMain] INFO c.s.h.HappyHouseApplication - Started HappyHouseApplication in 1.647 seconds (JVM running for 217.126) 
2021-05-21 16:58:30 [restartedMain] INFO o.s.b.d.a.ConditionEvaluationDeltaLoggingListener - Condition evaluation unchanged 
2021-05-21 17:00:57 [Thread-14] INFO o.s.s.c.ThreadPoolTaskExecutor - Shutting down ExecutorService 'applicationTaskExecutor' 
2021-05-21 17:00:58 [restartedMain] INFO c.s.h.HappyHouseApplication - Starting HappyHouseApplication using Java 1.8.0_271 on bungbungbalabalabungbung.local with PID 5245 (/Users/dongwoosohn/SSAFY/Pair/13pairvue/HappyHouse/bin/main started by dongwoosohn in /Users/dongwoosohn/SSAFY/Pair/13pairvue/HappyHouse) 
2021-05-21 17:00:58 [restartedMain] DEBUG c.s.h.HappyHouseApplication - Running with Spring Boot v2.4.5, Spring v5.3.6 
2021-05-21 17:00:58 [restartedMain] INFO c.s.h.HappyHouseApplication - No active profile set, falling back to default profiles: default 
2021-05-21 17:00:58 [restartedMain] INFO o.s.b.w.e.t.TomcatWebServer - Tomcat initialized with port(s): 8080 (http) 
2021-05-21 17:00:58 [restartedMain] INFO o.a.c.h.Http11NioProtocol - Initializing ProtocolHandler ["http-nio-8080"] 
2021-05-21 17:00:58 [restartedMain] INFO o.a.c.c.StandardService - Starting service [Tomcat] 
2021-05-21 17:00:58 [restartedMain] INFO o.a.c.c.StandardEngine - Starting Servlet engine: [Apache Tomcat/9.0.45] 
2021-05-21 17:00:58 [restartedMain] INFO o.a.c.c.C.[.[.[/] - Initializing Spring embedded WebApplicationContext 
2021-05-21 17:00:58 [restartedMain] INFO o.s.b.w.s.c.ServletWebServerApplicationContext - Root WebApplicationContext: initialization completed in 300 ms 
2021-05-21 17:00:58 [restartedMain] INFO o.s.s.c.ThreadPoolTaskExecutor - Initializing ExecutorService 'applicationTaskExecutor' 
2021-05-21 17:00:58 [restartedMain] INFO c.s.h.c.LoggerAspect - LoggerAspect : Before class com.ssafy.happyhouse.config.WebMvcConfig$$EnhancerBySpringCGLIB$$a17b4bd1.addInterceptors() 
2021-05-21 17:00:58 [restartedMain] DEBUG c.s.h.c.LoggerAspect - LoggerAspect : Before Debug class com.ssafy.happyhouse.config.WebMvcConfig$$EnhancerBySpringCGLIB$$a17b4bd1.addInterceptors() 
2021-05-21 17:00:58 [restartedMain] INFO c.s.h.c.LoggerAspect - LoggerAspect : After class com.ssafy.happyhouse.config.WebMvcConfig$$EnhancerBySpringCGLIB$$a17b4bd1.addInterceptors() 
2021-05-21 17:00:58 [restartedMain] DEBUG c.s.h.c.LoggerAspect - LoggerAspect : After Debug class com.ssafy.happyhouse.config.WebMvcConfig$$EnhancerBySpringCGLIB$$a17b4bd1.addInterceptors() 
2021-05-21 17:00:59 [restartedMain] INFO o.s.b.d.a.OptionalLiveReloadServer - LiveReload server is running on port 35729 
2021-05-21 17:00:59 [restartedMain] INFO o.a.c.h.Http11NioProtocol - Starting ProtocolHandler ["http-nio-8080"] 
2021-05-21 17:00:59 [restartedMain] INFO o.s.b.w.e.t.TomcatWebServer - Tomcat started on port(s): 8080 (http) with context path '' 
2021-05-21 17:00:59 [restartedMain] INFO c.s.h.HappyHouseApplication - Started HappyHouseApplication in 1.39 seconds (JVM running for 365.932) 
2021-05-21 17:00:59 [restartedMain] INFO o.s.b.d.a.ConditionEvaluationDeltaLoggingListener - Condition evaluation unchanged 
2021-05-21 17:01:00 [Thread-21] INFO o.s.s.c.ThreadPoolTaskExecutor - Shutting down ExecutorService 'applicationTaskExecutor' 
2021-05-21 17:01:00 [restartedMain] INFO c.s.h.HappyHouseApplication - Starting HappyHouseApplication using Java 1.8.0_271 on bungbungbalabalabungbung.local with PID 5245 (/Users/dongwoosohn/SSAFY/Pair/13pairvue/HappyHouse/bin/main started by dongwoosohn in /Users/dongwoosohn/SSAFY/Pair/13pairvue/HappyHouse) 
2021-05-21 17:01:00 [restartedMain] DEBUG c.s.h.HappyHouseApplication - Running with Spring Boot v2.4.5, Spring v5.3.6 
2021-05-21 17:01:00 [restartedMain] INFO c.s.h.HappyHouseApplication - No active profile set, falling back to default profiles: default 
2021-05-21 17:01:01 [restartedMain] INFO o.s.b.w.e.t.TomcatWebServer - Tomcat initialized with port(s): 8080 (http) 
2021-05-21 17:01:01 [restartedMain] INFO o.a.c.h.Http11NioProtocol - Initializing ProtocolHandler ["http-nio-8080"] 
2021-05-21 17:01:01 [restartedMain] INFO o.a.c.c.StandardService - Starting service [Tomcat] 
2021-05-21 17:01:01 [restartedMain] INFO o.a.c.c.StandardEngine - Starting Servlet engine: [Apache Tomcat/9.0.45] 
2021-05-21 17:01:01 [restartedMain] INFO o.a.c.c.C.[.[.[/] - Initializing Spring embedded WebApplicationContext 
2021-05-21 17:01:01 [restartedMain] INFO o.s.b.w.s.c.ServletWebServerApplicationContext - Root WebApplicationContext: initialization completed in 422 ms 
2021-05-21 17:01:01 [restartedMain] INFO o.s.s.c.ThreadPoolTaskExecutor - Initializing ExecutorService 'applicationTaskExecutor' 
2021-05-21 17:01:01 [restartedMain] INFO c.s.h.c.LoggerAspect - LoggerAspect : Before class com.ssafy.happyhouse.config.WebMvcConfig$$EnhancerBySpringCGLIB$$a17b4bd1.addInterceptors() 
2021-05-21 17:01:01 [restartedMain] DEBUG c.s.h.c.LoggerAspect - LoggerAspect : Before Debug class com.ssafy.happyhouse.config.WebMvcConfig$$EnhancerBySpringCGLIB$$a17b4bd1.addInterceptors() 
2021-05-21 17:01:01 [restartedMain] INFO c.s.h.c.LoggerAspect - LoggerAspect : After class com.ssafy.happyhouse.config.WebMvcConfig$$EnhancerBySpringCGLIB$$a17b4bd1.addInterceptors() 
2021-05-21 17:01:01 [restartedMain] DEBUG c.s.h.c.LoggerAspect - LoggerAspect : After Debug class com.ssafy.happyhouse.config.WebMvcConfig$$EnhancerBySpringCGLIB$$a17b4bd1.addInterceptors() 
2021-05-21 17:01:01 [restartedMain] INFO o.s.b.d.a.OptionalLiveReloadServer - LiveReload server is running on port 35729 
2021-05-21 17:01:01 [restartedMain] INFO o.a.c.h.Http11NioProtocol - Starting ProtocolHandler ["http-nio-8080"] 
2021-05-21 17:01:01 [restartedMain] INFO o.s.b.w.e.t.TomcatWebServer - Tomcat started on port(s): 8080 (http) with context path '' 
2021-05-21 17:01:01 [restartedMain] INFO c.s.h.HappyHouseApplication - Started HappyHouseApplication in 0.887 seconds (JVM running for 368.29) 
2021-05-21 17:01:01 [restartedMain] INFO o.s.b.d.a.ConditionEvaluationDeltaLoggingListener - Condition evaluation unchanged 
2021-05-21 17:01:03 [Thread-28] INFO o.s.s.c.ThreadPoolTaskExecutor - Shutting down ExecutorService 'applicationTaskExecutor' 
2021-05-21 17:01:03 [restartedMain] INFO c.s.h.HappyHouseApplication - Starting HappyHouseApplication using Java 1.8.0_271 on bungbungbalabalabungbung.local with PID 5245 (/Users/dongwoosohn/SSAFY/Pair/13pairvue/HappyHouse/bin/main started by dongwoosohn in /Users/dongwoosohn/SSAFY/Pair/13pairvue/HappyHouse) 
2021-05-21 17:01:03 [restartedMain] DEBUG c.s.h.HappyHouseApplication - Running with Spring Boot v2.4.5, Spring v5.3.6 
2021-05-21 17:01:03 [restartedMain] INFO c.s.h.HappyHouseApplication - No active profile set, falling back to default profiles: default 
2021-05-21 17:01:03 [restartedMain] INFO o.s.b.w.e.t.TomcatWebServer - Tomcat initialized with port(s): 8080 (http) 
2021-05-21 17:01:03 [restartedMain] INFO o.a.c.h.Http11NioProtocol - Initializing ProtocolHandler ["http-nio-8080"] 
2021-05-21 17:01:03 [restartedMain] INFO o.a.c.c.StandardService - Starting service [Tomcat] 
2021-05-21 17:01:03 [restartedMain] INFO o.a.c.c.StandardEngine - Starting Servlet engine: [Apache Tomcat/9.0.45] 
2021-05-21 17:01:03 [restartedMain] INFO o.a.c.c.C.[.[.[/] - Initializing Spring embedded WebApplicationContext 
2021-05-21 17:01:03 [restartedMain] INFO o.s.b.w.s.c.ServletWebServerApplicationContext - Root WebApplicationContext: initialization completed in 226 ms 
2021-05-21 17:01:03 [restartedMain] INFO o.s.s.c.ThreadPoolTaskExecutor - Initializing ExecutorService 'applicationTaskExecutor' 
2021-05-21 17:01:03 [restartedMain] INFO c.s.h.c.LoggerAspect - LoggerAspect : Before class com.ssafy.happyhouse.config.WebMvcConfig$$EnhancerBySpringCGLIB$$a17b4bd1.addInterceptors() 
2021-05-21 17:01:03 [restartedMain] DEBUG c.s.h.c.LoggerAspect - LoggerAspect : Before Debug class com.ssafy.happyhouse.config.WebMvcConfig$$EnhancerBySpringCGLIB$$a17b4bd1.addInterceptors() 
2021-05-21 17:01:03 [restartedMain] INFO c.s.h.c.LoggerAspect - LoggerAspect : After class com.ssafy.happyhouse.config.WebMvcConfig$$EnhancerBySpringCGLIB$$a17b4bd1.addInterceptors() 
2021-05-21 17:01:03 [restartedMain] DEBUG c.s.h.c.LoggerAspect - LoggerAspect : After Debug class com.ssafy.happyhouse.config.WebMvcConfig$$EnhancerBySpringCGLIB$$a17b4bd1.addInterceptors() 
2021-05-21 17:01:03 [restartedMain] INFO o.s.b.d.a.OptionalLiveReloadServer - LiveReload server is running on port 35729 
2021-05-21 17:01:03 [restartedMain] INFO o.a.c.h.Http11NioProtocol - Starting ProtocolHandler ["http-nio-8080"] 
2021-05-21 17:01:03 [restartedMain] INFO o.s.b.w.e.t.TomcatWebServer - Tomcat started on port(s): 8080 (http) with context path '' 
2021-05-21 17:01:03 [restartedMain] INFO c.s.h.HappyHouseApplication - Started HappyHouseApplication in 0.651 seconds (JVM running for 370.467) 
2021-05-21 17:01:03 [restartedMain] INFO o.s.b.d.a.ConditionEvaluationDeltaLoggingListener - Condition evaluation unchanged 
2021-05-21 17:01:05 [Thread-35] INFO o.s.s.c.ThreadPoolTaskExecutor - Shutting down ExecutorService 'applicationTaskExecutor' 
2021-05-21 17:01:05 [restartedMain] INFO c.s.h.HappyHouseApplication - Starting HappyHouseApplication using Java 1.8.0_271 on bungbungbalabalabungbung.local with PID 5245 (/Users/dongwoosohn/SSAFY/Pair/13pairvue/HappyHouse/bin/main started by dongwoosohn in /Users/dongwoosohn/SSAFY/Pair/13pairvue/HappyHouse) 
2021-05-21 17:01:05 [restartedMain] DEBUG c.s.h.HappyHouseApplication - Running with Spring Boot v2.4.5, Spring v5.3.6 
2021-05-21 17:01:05 [restartedMain] INFO c.s.h.HappyHouseApplication - No active profile set, falling back to default profiles: default 
2021-05-21 17:01:05 [restartedMain] INFO o.s.b.w.e.t.TomcatWebServer - Tomcat initialized with port(s): 8080 (http) 
2021-05-21 17:01:05 [restartedMain] INFO o.a.c.h.Http11NioProtocol - Initializing ProtocolHandler ["http-nio-8080"] 
2021-05-21 17:01:05 [restartedMain] INFO o.a.c.c.StandardService - Starting service [Tomcat] 
2021-05-21 17:01:05 [restartedMain] INFO o.a.c.c.StandardEngine - Starting Servlet engine: [Apache Tomcat/9.0.45] 
2021-05-21 17:01:05 [restartedMain] INFO o.a.c.c.C.[.[.[/] - Initializing Spring embedded WebApplicationContext 
2021-05-21 17:01:05 [restartedMain] INFO o.s.b.w.s.c.ServletWebServerApplicationContext - Root WebApplicationContext: initialization completed in 361 ms 
2021-05-21 17:01:06 [restartedMain] INFO o.s.s.c.ThreadPoolTaskExecutor - Initializing ExecutorService 'applicationTaskExecutor' 
2021-05-21 17:01:06 [restartedMain] INFO c.s.h.c.LoggerAspect - LoggerAspect : Before class com.ssafy.happyhouse.config.WebMvcConfig$$EnhancerBySpringCGLIB$$a17b4bd1.addInterceptors() 
2021-05-21 17:01:06 [restartedMain] DEBUG c.s.h.c.LoggerAspect - LoggerAspect : Before Debug class com.ssafy.happyhouse.config.WebMvcConfig$$EnhancerBySpringCGLIB$$a17b4bd1.addInterceptors() 
2021-05-21 17:01:06 [restartedMain] INFO c.s.h.c.LoggerAspect - LoggerAspect : After class com.ssafy.happyhouse.config.WebMvcConfig$$EnhancerBySpringCGLIB$$a17b4bd1.addInterceptors() 
2021-05-21 17:01:06 [restartedMain] DEBUG c.s.h.c.LoggerAspect - LoggerAspect : After Debug class com.ssafy.happyhouse.config.WebMvcConfig$$EnhancerBySpringCGLIB$$a17b4bd1.addInterceptors() 
2021-05-21 17:01:06 [restartedMain] INFO o.s.b.d.a.OptionalLiveReloadServer - LiveReload server is running on port 35729 
2021-05-21 17:01:06 [restartedMain] INFO o.a.c.h.Http11NioProtocol - Starting ProtocolHandler ["http-nio-8080"] 
2021-05-21 17:01:06 [restartedMain] INFO o.s.b.w.e.t.TomcatWebServer - Tomcat started on port(s): 8080 (http) with context path '' 
2021-05-21 17:01:06 [restartedMain] INFO c.s.h.HappyHouseApplication - Started HappyHouseApplication in 1.038 seconds (JVM running for 373.039) 
2021-05-21 17:01:06 [restartedMain] INFO o.s.b.d.a.ConditionEvaluationDeltaLoggingListener - Condition evaluation unchanged 
2021-05-21 17:01:07 [Thread-42] INFO o.s.s.c.ThreadPoolTaskExecutor - Shutting down ExecutorService 'applicationTaskExecutor' 
2021-05-21 17:01:08 [restartedMain] INFO c.s.h.HappyHouseApplication - Starting HappyHouseApplication using Java 1.8.0_271 on bungbungbalabalabungbung.local with PID 5245 (/Users/dongwoosohn/SSAFY/Pair/13pairvue/HappyHouse/bin/main started by dongwoosohn in /Users/dongwoosohn/SSAFY/Pair/13pairvue/HappyHouse) 
2021-05-21 17:01:08 [restartedMain] DEBUG c.s.h.HappyHouseApplication - Running with Spring Boot v2.4.5, Spring v5.3.6 
2021-05-21 17:01:08 [restartedMain] INFO c.s.h.HappyHouseApplication - No active profile set, falling back to default profiles: default 
2021-05-21 17:01:08 [restartedMain] INFO o.s.b.w.e.t.TomcatWebServer - Tomcat initialized with port(s): 8080 (http) 
2021-05-21 17:01:08 [restartedMain] INFO o.a.c.h.Http11NioProtocol - Initializing ProtocolHandler ["http-nio-8080"] 
2021-05-21 17:01:08 [restartedMain] INFO o.a.c.c.StandardService - Starting service [Tomcat] 
2021-05-21 17:01:08 [restartedMain] INFO o.a.c.c.StandardEngine - Starting Servlet engine: [Apache Tomcat/9.0.45] 
2021-05-21 17:01:08 [restartedMain] INFO o.a.c.c.C.[.[.[/] - Initializing Spring embedded WebApplicationContext 
2021-05-21 17:01:08 [restartedMain] INFO o.s.b.w.s.c.ServletWebServerApplicationContext - Root WebApplicationContext: initialization completed in 233 ms 
2021-05-21 17:01:08 [restartedMain] INFO o.s.s.c.ThreadPoolTaskExecutor - Initializing ExecutorService 'applicationTaskExecutor' 
2021-05-21 17:01:08 [restartedMain] INFO c.s.h.c.LoggerAspect - LoggerAspect : Before class com.ssafy.happyhouse.config.WebMvcConfig$$EnhancerBySpringCGLIB$$a17b4bd1.addInterceptors() 
2021-05-21 17:01:08 [restartedMain] DEBUG c.s.h.c.LoggerAspect - LoggerAspect : Before Debug class com.ssafy.happyhouse.config.WebMvcConfig$$EnhancerBySpringCGLIB$$a17b4bd1.addInterceptors() 
2021-05-21 17:01:08 [restartedMain] INFO c.s.h.c.LoggerAspect - LoggerAspect : After class com.ssafy.happyhouse.config.WebMvcConfig$$EnhancerBySpringCGLIB$$a17b4bd1.addInterceptors() 
2021-05-21 17:01:08 [restartedMain] DEBUG c.s.h.c.LoggerAspect - LoggerAspect : After Debug class com.ssafy.happyhouse.config.WebMvcConfig$$EnhancerBySpringCGLIB$$a17b4bd1.addInterceptors() 
2021-05-21 17:01:08 [restartedMain] INFO o.s.b.d.a.OptionalLiveReloadServer - LiveReload server is running on port 35729 
2021-05-21 17:01:08 [restartedMain] INFO o.a.c.h.Http11NioProtocol - Starting ProtocolHandler ["http-nio-8080"] 
2021-05-21 17:01:08 [restartedMain] INFO o.s.b.w.e.t.TomcatWebServer - Tomcat started on port(s): 8080 (http) with context path '' 
2021-05-21 17:01:08 [restartedMain] INFO c.s.h.HappyHouseApplication - Started HappyHouseApplication in 0.682 seconds (JVM running for 375.263) 
2021-05-21 17:01:08 [restartedMain] INFO o.s.b.d.a.ConditionEvaluationDeltaLoggingListener - Condition evaluation unchanged 
2021-05-21 17:01:10 [Thread-49] INFO o.s.s.c.ThreadPoolTaskExecutor - Shutting down ExecutorService 'applicationTaskExecutor' 
2021-05-21 17:01:10 [restartedMain] INFO c.s.h.HappyHouseApplication - Starting HappyHouseApplication using Java 1.8.0_271 on bungbungbalabalabungbung.local with PID 5245 (/Users/dongwoosohn/SSAFY/Pair/13pairvue/HappyHouse/bin/main started by dongwoosohn in /Users/dongwoosohn/SSAFY/Pair/13pairvue/HappyHouse) 
2021-05-21 17:01:10 [restartedMain] DEBUG c.s.h.HappyHouseApplication - Running with Spring Boot v2.4.5, Spring v5.3.6 
2021-05-21 17:01:10 [restartedMain] INFO c.s.h.HappyHouseApplication - No active profile set, falling back to default profiles: default 
2021-05-21 17:01:10 [restartedMain] INFO o.s.b.w.e.t.TomcatWebServer - Tomcat initialized with port(s): 8080 (http) 
2021-05-21 17:01:10 [restartedMain] INFO o.a.c.h.Http11NioProtocol - Initializing ProtocolHandler ["http-nio-8080"] 
2021-05-21 17:01:10 [restartedMain] INFO o.a.c.c.StandardService - Starting service [Tomcat] 
2021-05-21 17:01:10 [restartedMain] INFO o.a.c.c.StandardEngine - Starting Servlet engine: [Apache Tomcat/9.0.45] 
2021-05-21 17:01:10 [restartedMain] INFO o.a.c.c.C.[.[.[/] - Initializing Spring embedded WebApplicationContext 
2021-05-21 17:01:10 [restartedMain] INFO o.s.b.w.s.c.ServletWebServerApplicationContext - Root WebApplicationContext: initialization completed in 186 ms 
2021-05-21 17:01:10 [restartedMain] INFO o.s.s.c.ThreadPoolTaskExecutor - Initializing ExecutorService 'applicationTaskExecutor' 
2021-05-21 17:01:10 [restartedMain] INFO c.s.h.c.LoggerAspect - LoggerAspect : Before class com.ssafy.happyhouse.config.WebMvcConfig$$EnhancerBySpringCGLIB$$a17b4bd1.addInterceptors() 
2021-05-21 17:01:10 [restartedMain] DEBUG c.s.h.c.LoggerAspect - LoggerAspect : Before Debug class com.ssafy.happyhouse.config.WebMvcConfig$$EnhancerBySpringCGLIB$$a17b4bd1.addInterceptors() 
2021-05-21 17:01:10 [restartedMain] INFO c.s.h.c.LoggerAspect - LoggerAspect : After class com.ssafy.happyhouse.config.WebMvcConfig$$EnhancerBySpringCGLIB$$a17b4bd1.addInterceptors() 
2021-05-21 17:01:10 [restartedMain] DEBUG c.s.h.c.LoggerAspect - LoggerAspect : After Debug class com.ssafy.happyhouse.config.WebMvcConfig$$EnhancerBySpringCGLIB$$a17b4bd1.addInterceptors() 
2021-05-21 17:01:10 [restartedMain] INFO o.s.b.d.a.OptionalLiveReloadServer - LiveReload server is running on port 35729 
2021-05-21 17:01:10 [restartedMain] INFO o.a.c.h.Http11NioProtocol - Starting ProtocolHandler ["http-nio-8080"] 
2021-05-21 17:01:10 [restartedMain] INFO o.s.b.w.e.t.TomcatWebServer - Tomcat started on port(s): 8080 (http) with context path '' 
